<?xml version="1.0" encoding="UTF-8"?>
<testsuite xmlns:xsi="http://www.w3.org/2001/XMLSchema-instance" xsi:noNamespaceSchemaLocation="https://maven.apache.org/surefire/maven-surefire-plugin/xsd/surefire-test-report-3.0.xsd" version="3.0" name="com.maddev.coozy.model.ChoreTest" time="0.085" tests="9" errors="0" skipped="0" failures="0">
  <properties>
    <property name="java.specification.version" value="21"/>
    <property name="sun.cpu.isalist" value="amd64"/>
    <property name="sun.jnu.encoding" value="Cp1252"/>
    <property name="java.class.path" value="C:\Users\ASUS\IdeaProjects\CozyFrontend\target\test-classes;C:\Users\ASUS\.m2\repository\org\openjfx\javafx-controls\22\javafx-controls-22.jar;C:\Users\ASUS\.m2\repository\org\openjfx\javafx-graphics\22\javafx-graphics-22.jar;C:\Users\ASUS\.m2\repository\org\openjfx\javafx-base\22\javafx-base-22.jar;C:\Users\ASUS\.m2\repository\org\openjfx\javafx-fxml\22\javafx-fxml-22.jar;C:\Users\ASUS\.m2\repository\org\openjfx\javafx-web\22\javafx-web-22.jar;C:\Users\ASUS\.m2\repository\org\openjfx\javafx-swing\22\javafx-swing-22.jar;C:\Users\ASUS\.m2\repository\org\openjfx\javafx-swing\22\javafx-swing-22-win.jar;C:\Users\ASUS\.m2\repository\org\openjfx\javafx-media\22\javafx-media-22.jar;C:\Users\ASUS\.m2\repository\org\slf4j\slf4j-simple\2.0.7\slf4j-simple-2.0.7.jar;C:\Users\ASUS\.m2\repository\org\slf4j\slf4j-api\2.0.7\slf4j-api-2.0.7.jar;C:\Users\ASUS\.m2\repository\org\kordamp\ikonli\ikonli-swing\12.3.1\ikonli-swing-12.3.1.jar;C:\Users\ASUS\.m2\repository\org\xerial\sqlite-jdbc\3.46.1.0\sqlite-jdbc-3.46.1.0.jar;C:\Users\ASUS\.m2\repository\org\jetbrains\kotlin\kotlin-stdlib-common\1.8.10\kotlin-stdlib-common-1.8.10.jar;C:\Users\ASUS\.m2\repository\org\jetbrains\annotations\13.0\annotations-13.0.jar;C:\Users\ASUS\.m2\repository\org\junit\jupiter\junit-jupiter-api\5.10.2\junit-jupiter-api-5.10.2.jar;C:\Users\ASUS\.m2\repository\org\opentest4j\opentest4j\1.3.0\opentest4j-1.3.0.jar;C:\Users\ASUS\.m2\repository\org\junit\platform\junit-platform-commons\1.10.2\junit-platform-commons-1.10.2.jar;C:\Users\ASUS\.m2\repository\org\apiguardian\apiguardian-api\1.1.2\apiguardian-api-1.1.2.jar;C:\Users\ASUS\.m2\repository\org\junit\jupiter\junit-jupiter-engine\5.10.2\junit-jupiter-engine-5.10.2.jar;C:\Users\ASUS\.m2\repository\org\junit\platform\junit-platform-engine\1.10.2\junit-platform-engine-1.10.2.jar;"/>
    <property name="java.vm.vendor" value="Amazon.com Inc."/>
    <property name="sun.arch.data.model" value="64"/>
    <property name="user.variant" value=""/>
    <property name="java.vendor.url" value="https://aws.amazon.com/corretto/"/>
    <property name="user.timezone" value="Australia/Brisbane"/>
    <property name="os.name" value="Windows 11"/>
    <property name="java.vm.specification.version" value="21"/>
    <property name="sun.java.launcher" value="SUN_STANDARD"/>
    <property name="user.country" value="US"/>
    <property name="sun.boot.library.path" value="C:\Program Files\Amazon Corretto\jdk21.0.4_7\bin"/>
    <property name="sun.java.command" value="org.apache.maven.surefire.booter.ForkedBooter C:\Users\ASUS\AppData\Local\Temp\surefire4932838769185263514 2024-09-18T13-05-54_321-jvmRun1 surefire-20240918130555052_1tmp surefire_0-20240918130555052_2tmp"/>
    <property name="jdk.debug" value="release"/>
    <property name="surefire.test.class.path" value="C:\Users\ASUS\IdeaProjects\CozyFrontend\target\test-classes;C:\Users\ASUS\.m2\repository\org\openjfx\javafx-controls\22\javafx-controls-22.jar;C:\Users\ASUS\.m2\repository\org\openjfx\javafx-graphics\22\javafx-graphics-22.jar;C:\Users\ASUS\.m2\repository\org\openjfx\javafx-base\22\javafx-base-22.jar;C:\Users\ASUS\.m2\repository\org\openjfx\javafx-fxml\22\javafx-fxml-22.jar;C:\Users\ASUS\.m2\repository\org\openjfx\javafx-web\22\javafx-web-22.jar;C:\Users\ASUS\.m2\repository\org\openjfx\javafx-swing\22\javafx-swing-22.jar;C:\Users\ASUS\.m2\repository\org\openjfx\javafx-swing\22\javafx-swing-22-win.jar;C:\Users\ASUS\.m2\repository\org\openjfx\javafx-media\22\javafx-media-22.jar;C:\Users\ASUS\.m2\repository\org\slf4j\slf4j-simple\2.0.7\slf4j-simple-2.0.7.jar;C:\Users\ASUS\.m2\repository\org\slf4j\slf4j-api\2.0.7\slf4j-api-2.0.7.jar;C:\Users\ASUS\.m2\repository\org\kordamp\ikonli\ikonli-swing\12.3.1\ikonli-swing-12.3.1.jar;C:\Users\ASUS\.m2\repository\org\xerial\sqlite-jdbc\3.46.1.0\sqlite-jdbc-3.46.1.0.jar;C:\Users\ASUS\.m2\repository\org\jetbrains\kotlin\kotlin-stdlib-common\1.8.10\kotlin-stdlib-common-1.8.10.jar;C:\Users\ASUS\.m2\repository\org\jetbrains\annotations\13.0\annotations-13.0.jar;C:\Users\ASUS\.m2\repository\org\junit\jupiter\junit-jupiter-api\5.10.2\junit-jupiter-api-5.10.2.jar;C:\Users\ASUS\.m2\repository\org\opentest4j\opentest4j\1.3.0\opentest4j-1.3.0.jar;C:\Users\ASUS\.m2\repository\org\junit\platform\junit-platform-commons\1.10.2\junit-platform-commons-1.10.2.jar;C:\Users\ASUS\.m2\repository\org\apiguardian\apiguardian-api\1.1.2\apiguardian-api-1.1.2.jar;C:\Users\ASUS\.m2\repository\org\junit\jupiter\junit-jupiter-engine\5.10.2\junit-jupiter-engine-5.10.2.jar;C:\Users\ASUS\.m2\repository\org\junit\platform\junit-platform-engine\1.10.2\junit-platform-engine-1.10.2.jar;"/>
    <property name="sun.cpu.endian" value="little"/>
    <property name="user.home" value="C:\Users\ASUS"/>
    <property name="user.language" value="en"/>
    <property name="java.specification.vendor" value="Oracle Corporation"/>
    <property name="jdk.module.path" value="C:\Users\ASUS\IdeaProjects\CozyFrontend\target\classes;C:\Users\ASUS\.m2\repository\org\openjfx\javafx-controls\22\javafx-controls-22-win.jar;C:\Users\ASUS\.m2\repository\org\openjfx\javafx-graphics\22\javafx-graphics-22-win.jar;C:\Users\ASUS\.m2\repository\org\openjfx\javafx-base\22\javafx-base-22-win.jar;C:\Users\ASUS\.m2\repository\org\openjfx\javafx-fxml\22\javafx-fxml-22-win.jar;C:\Users\ASUS\.m2\repository\org\openjfx\javafx-web\22\javafx-web-22-win.jar;C:\Users\ASUS\.m2\repository\org\openjfx\javafx-media\22\javafx-media-22-win.jar;C:\Users\ASUS\.m2\repository\org\controlsfx\controlsfx\11.2.1\controlsfx-11.2.1.jar;C:\Users\ASUS\.m2\repository\com\dlsc\formsfx\formsfx-core\11.6.0\formsfx-core-11.6.0.jar;C:\Users\ASUS\.m2\repository\net\synedra\validatorfx\0.5.0\validatorfx-0.5.0.jar;C:\Users\ASUS\.m2\repository\org\kordamp\ikonli\ikonli-javafx\12.3.1\ikonli-javafx-12.3.1.jar;C:\Users\ASUS\.m2\repository\org\kordamp\ikonli\ikonli-core\12.3.1\ikonli-core-12.3.1.jar;C:\Users\ASUS\.m2\repository\org\kordamp\ikonli\ikonli-fontawesome5-pack\12.3.1\ikonli-fontawesome5-pack-12.3.1.jar;C:\Users\ASUS\.m2\repository\org\kordamp\bootstrapfx\bootstrapfx-core\0.4.0\bootstrapfx-core-0.4.0.jar;C:\Users\ASUS\.m2\repository\com\github\almasb\fxgl\17.3\fxgl-17.3.jar;C:\Users\ASUS\.m2\repository\com\github\almasb\fxgl-core\17.3\fxgl-core-17.3.jar;C:\Users\ASUS\.m2\repository\com\gluonhq\attach\audio\4.0.17\audio-4.0.17.jar;C:\Users\ASUS\.m2\repository\com\github\almasb\fxgl-io\17.3\fxgl-io-17.3.jar;C:\Users\ASUS\.m2\repository\com\gluonhq\attach\storage\4.0.17\storage-4.0.17.jar;C:\Users\ASUS\.m2\repository\com\gluonhq\attach\util\4.0.17\util-4.0.17.jar;C:\Users\ASUS\.m2\repository\com\github\almasb\fxgl-entity\17.3\fxgl-entity-17.3.jar;C:\Users\ASUS\.m2\repository\com\github\almasb\fxgl-scene\17.3\fxgl-scene-17.3.jar;C:\Users\ASUS\.m2\repository\com\github\almasb\fxgl-gameplay\17.3\fxgl-gameplay-17.3.jar;C:\Users\ASUS\.m2\repository\com\fasterxml\jackson\core\jackson-annotations\2.14.2\jackson-annotations-2.14.2.jar;C:\Users\ASUS\.m2\repository\com\fasterxml\jackson\core\jackson-databind\2.14.2\jackson-databind-2.14.2.jar;C:\Users\ASUS\.m2\repository\com\fasterxml\jackson\core\jackson-core\2.14.2\jackson-core-2.14.2.jar;C:\Users\ASUS\.m2\repository\com\gluonhq\attach\lifecycle\4.0.17\lifecycle-4.0.17.jar;C:\Users\ASUS\.m2\repository\org\jetbrains\kotlin\kotlin-stdlib\1.8.10\kotlin-stdlib-1.8.10.jar;C:\Users\ASUS\.m2\repository\org\mindrot\jbcrypt\0.4\jbcrypt-0.4.jar;C:\Users\ASUS\.m2\repository\de\jensd\fontawesomefx-fontawesome\4.7.0-9.1.2\fontawesomefx-fontawesome-4.7.0-9.1.2.jar;C:\Users\ASUS\.m2\repository\de\jensd\fontawesomefx-commons\9.1.2\fontawesomefx-commons-9.1.2.jar"/>
    <property name="java.version.date" value="2024-07-16"/>
    <property name="java.home" value="C:\Program Files\Amazon Corretto\jdk21.0.4_7"/>
    <property name="file.separator" value="\"/>
    <property name="basedir" value="C:\Users\ASUS\IdeaProjects\CozyFrontend"/>
    <property name="java.vm.compressedOopsMode" value="Zero based"/>
    <property name="line.separator" value="&#10;"/>
    <property name="java.vm.specification.vendor" value="Oracle Corporation"/>
    <property name="java.specification.name" value="Java Platform API Specification"/>
    <property name="surefire.real.class.path" value="C:\Users\ASUS\.m2\repository\org\apache\maven\surefire\surefire-booter\3.2.2\surefire-booter-3.2.2.jar;C:\Users\ASUS\.m2\repository\org\apache\maven\surefire\surefire-api\3.2.2\surefire-api-3.2.2.jar;C:\Users\ASUS\.m2\repository\org\apache\maven\surefire\surefire-logger-api\3.2.2\surefire-logger-api-3.2.2.jar;C:\Users\ASUS\.m2\repository\org\apache\maven\surefire\surefire-shared-utils\3.2.2\surefire-shared-utils-3.2.2.jar;C:\Users\ASUS\.m2\repository\org\apache\maven\surefire\surefire-extensions-spi\3.2.2\surefire-extensions-spi-3.2.2.jar;C:\Users\ASUS\IdeaProjects\CozyFrontend\target\test-classes;C:\Users\ASUS\.m2\repository\org\openjfx\javafx-controls\22\javafx-controls-22.jar;C:\Users\ASUS\.m2\repository\org\openjfx\javafx-graphics\22\javafx-graphics-22.jar;C:\Users\ASUS\.m2\repository\org\openjfx\javafx-base\22\javafx-base-22.jar;C:\Users\ASUS\.m2\repository\org\openjfx\javafx-fxml\22\javafx-fxml-22.jar;C:\Users\ASUS\.m2\repository\org\openjfx\javafx-web\22\javafx-web-22.jar;C:\Users\ASUS\.m2\repository\org\openjfx\javafx-swing\22\javafx-swing-22.jar;C:\Users\ASUS\.m2\repository\org\openjfx\javafx-swing\22\javafx-swing-22-win.jar;C:\Users\ASUS\.m2\repository\org\openjfx\javafx-media\22\javafx-media-22.jar;C:\Users\ASUS\.m2\repository\org\slf4j\slf4j-simple\2.0.7\slf4j-simple-2.0.7.jar;C:\Users\ASUS\.m2\repository\org\slf4j\slf4j-api\2.0.7\slf4j-api-2.0.7.jar;C:\Users\ASUS\.m2\repository\org\kordamp\ikonli\ikonli-swing\12.3.1\ikonli-swing-12.3.1.jar;C:\Users\ASUS\.m2\repository\org\xerial\sqlite-jdbc\3.46.1.0\sqlite-jdbc-3.46.1.0.jar;C:\Users\ASUS\.m2\repository\org\jetbrains\kotlin\kotlin-stdlib-common\1.8.10\kotlin-stdlib-common-1.8.10.jar;C:\Users\ASUS\.m2\repository\org\jetbrains\annotations\13.0\annotations-13.0.jar;C:\Users\ASUS\.m2\repository\org\junit\jupiter\junit-jupiter-api\5.10.2\junit-jupiter-api-5.10.2.jar;C:\Users\ASUS\.m2\repository\org\opentest4j\opentest4j\1.3.0\opentest4j-1.3.0.jar;C:\Users\ASUS\.m2\repository\org\junit\platform\junit-platform-commons\1.10.2\junit-platform-commons-1.10.2.jar;C:\Users\ASUS\.m2\repository\org\apiguardian\apiguardian-api\1.1.2\apiguardian-api-1.1.2.jar;C:\Users\ASUS\.m2\repository\org\junit\jupiter\junit-jupiter-engine\5.10.2\junit-jupiter-engine-5.10.2.jar;C:\Users\ASUS\.m2\repository\org\junit\platform\junit-platform-engine\1.10.2\junit-platform-engine-1.10.2.jar;C:\Users\ASUS\.m2\repository\org\apache\maven\surefire\surefire-junit-platform\3.2.2\surefire-junit-platform-3.2.2.jar;C:\Users\ASUS\.m2\repository\org\apache\maven\surefire\common-java5\3.2.2\common-java5-3.2.2.jar;C:\Users\ASUS\.m2\repository\org\junit\platform\junit-platform-launcher\1.10.2\junit-platform-launcher-1.10.2.jar"/>
    <property name="user.script" value=""/>
    <property name="sun.management.compiler" value="HotSpot 64-Bit Tiered Compilers"/>
    <property name="java.runtime.version" value="21.0.4+7-LTS"/>
    <property name="user.name" value="ASUS"/>
    <property name="stdout.encoding" value="Cp1252"/>
    <property name="path.separator" value=";"/>
    <property name="os.version" value="10.0"/>
    <property name="java.runtime.name" value="OpenJDK Runtime Environment"/>
    <property name="file.encoding" value="UTF-8"/>
    <property name="java.vm.name" value="OpenJDK 64-Bit Server VM"/>
    <property name="java.vendor.version" value="Corretto-21.0.4.7.1"/>
    <property name="localRepository" value="C:\Users\ASUS\.m2\repository"/>
    <property name="java.vendor.url.bug" value="https://github.com/corretto/corretto-21/issues/"/>
    <property name="java.io.tmpdir" value="C:\Users\ASUS\AppData\Local\Temp\"/>
    <property name="idea.version" value="2024.1.4"/>
    <property name="java.version" value="21.0.4"/>
    <property name="user.dir" value="C:\Users\ASUS\IdeaProjects\CozyFrontend"/>
    <property name="os.arch" value="amd64"/>
    <property name="java.vm.specification.name" value="Java Virtual Machine Specification"/>
    <property name="sun.os.patch.level" value=""/>
    <property name="native.encoding" value="Cp1252"/>
    <property name="java.library.path" value="C:\Program Files\Amazon Corretto\jdk21.0.4_7\bin;C:\WINDOWS\Sun\Java\bin;C:\WINDOWS\system32;C:\WINDOWS;C:\Program Files\Amazon Corretto\jdk21.0.4_7\bin;C:\Program Files (x86)\Razer\ChromaBroadcast\bin;C:\Program Files\Razer\ChromaBroadcast\bin;C:\Windows\system32;C:\Windows;C:\Windows\System32\Wbem;C:\Windows\System32\WindowsPowerShell\v1.0\;C:\Windows\System32\OpenSSH\;C:\Program Files (x86)\NVIDIA Corporation\PhysX\Common;C:\Program Files\NVIDIA Corporation\NVIDIA NvDLISR;C:\WINDOWS\system32;C:\WINDOWS;C:\WINDOWS\System32\Wbem;C:\WINDOWS\System32\WindowsPowerShell\v1.0\;C:\WINDOWS\System32\OpenSSH\;C:\Program Files\Go\bin;C:\WINDOWS\system32\config\systemprofile\AppData\Local\Microsoft\WindowsApps;C:\Program Files\MATLAB\R2023a\bin;C:\Program Files\MATLAB\R2022a\runtime\win64;C:\Program Files\MATLAB\R2022a\bin;C:\Users\ASUS\AppData\Local\Programs\Python\Python39;C:\WINDOWS\system32;C:\WINDOWS;C:\WINDOWS\System32\Wbem;C:\WINDOWS\System32\WindowsPowerShell\v1.0\;C:\WINDOWS\System32\OpenSSH\;C:\ProgramData\chocolatey\bin;C:\Program Files\Git\cmd;C:\Program Files\PuTTY\;C:\Program Files\MySQL\MySQL Shell 8.0\bin\;C:\Users\ASUS\AppData\Roaming\local\bin;C:\Users\ASUS\AppData\Local\Programs\Python\Python39\Scripts\;C:\Users\ASUS\AppData\Local\Programs\Python\Python39\;C:\Users\ASUS\AppData\Local\Microsoft\WindowsApps;C:\Users\ASUS\AppData\Local\Programs\Microsoft VS Code\bin;C:\Program Files\mingw-w64\x86_64-8.1.0-posix-seh-rt_v6-rev0\mingw64\bin;C:\msys64\mingw64\bin;C:\Users\ASUS\go\bin;C:\Program Files\Go\bin;C:\Users\ASUS\Documents\go_workspace;C:\ghcup\bin;C:\Users\ASUS\AppData\Local\GitHubDesktop\bin;C:\cabal\bin;C:\Users\ASUS\Documents\lenguajes automatas\haskell\lab1\src;C:\ProgramData\chocolatey\bin;;."/>
    <property name="java.vm.info" value="mixed mode"/>
    <property name="stderr.encoding" value="Cp1252"/>
    <property name="java.vendor" value="Amazon.com Inc."/>
    <property name="java.vm.version" value="21.0.4+7-LTS"/>
    <property name="sun.io.unicode.encoding" value="UnicodeLittle"/>
    <property name="java.class.version" value="65.0"/>
  </properties>
  <testcase name="setId" classname="com.maddev.coozy.model.ChoreTest" time="0.042"/>
  <testcase name="setCompleted" classname="com.maddev.coozy.model.ChoreTest" time="0.001"/>
  <testcase name="setDescription" classname="com.maddev.coozy.model.ChoreTest" time="0.002"/>
  <testcase name="setReward" classname="com.maddev.coozy.model.ChoreTest" time="0.001"/>
  <testcase name="setUserId" classname="com.maddev.coozy.model.ChoreTest" time="0.0"/>
  <testcase name="setDueDate" classname="com.maddev.coozy.model.ChoreTest" time="0.002"/>
  <testcase name="setHome" classname="com.maddev.coozy.model.ChoreTest" time="0.001"/>
  <testcase name="setIcon" classname="com.maddev.coozy.model.ChoreTest" time="0.0"/>
  <testcase name="setName" classname="com.maddev.coozy.model.ChoreTest" time="0.001"/>
</testsuite>